<?xml version="1.0" encoding="UTF-8"?>
<testsuite xmlns:xsi="http://www.w3.org/2001/XMLSchema-instance" xsi:noNamespaceSchemaLocation="https://maven.apache.org/surefire/maven-surefire-plugin/xsd/surefire-test-report-3.0.xsd" version="3.0" name="com.pdfmanager.PdfManagerIntegrationTest" time="20.353" tests="6" errors="0" skipped="0" failures="0">
  <properties>
[...]
</properties>
  <testcase name="testUploadThenDelete" classname="com.pdfmanager.PdfManagerIntegrationTest" time="2.611">
    <system-out><![CDATA[21:36:34.982 [main] INFO org.springframework.test.context.support.AnnotationConfigContextLoaderUtils -- Could not detect default configuration classes for test class [com.pdfmanager.PdfManagerIntegrationTest]: PdfManagerIntegrationTest does not declare any static, non-private, non-final, nested classes annotated with @Configuration.
21:36:35.326 [main] INFO org.springframework.boot.test.context.SpringBootTestContextBootstrapper -- Found @SpringBootConfiguration com.pdfmanager.PdfManagerApplication for test class com.pdfmanager.PdfManagerIntegrationTest

  .   ____          _            __ _ _
 /\\ / ___'_ __ _ _(_)_ __  __ _ \ \ \ \
( ( )\___ | '_ | '_| | '_ \/ _` | \ \ \ \
 \\/  ___)| |_)| | | | | || (_| |  ) ) ) )
  '  |____| .__|_| |_|_| |_\__, | / / / /
 =========|_|==============|___/=/_/_/_/
 :: Spring Boot ::                (v3.2.3)

2026-04-09T21:36:36.393+05:30  INFO 18252 --- [pdf-manager] [           main] c.pdfmanager.PdfManagerIntegrationTest   : Starting PdfManagerIntegrationTest using Java 21.0.9 with PID 18252 (started by karti in C:\Users\karti\OneDrive\Desktop\pdf-manager\pdf-manager)
2026-04-09T21:36:36.394+05:30 DEBUG 18252 --- [pdf-manager] [           main] c.pdfmanager.PdfManagerIntegrationTest   : Running with Spring Boot v3.2.3, Spring v6.1.4
2026-04-09T21:36:36.395+05:30  INFO 18252 --- [pdf-manager] [           main] c.pdfmanager.PdfManagerIntegrationTest   : The following 1 profile is active: "test"
2026-04-09T21:36:38.837+05:30  INFO 18252 --- [pdf-manager] [           main] .s.d.r.c.RepositoryConfigurationDelegate : Bootstrapping Spring Data JPA repositories in DEFAULT mode.
2026-04-09T21:36:39.010+05:30  INFO 18252 --- [pdf-manager] [           main] .s.d.r.c.RepositoryConfigurationDelegate : Finished Spring Data repository scanning in 153 ms. Found 1 JPA repository interface.
2026-04-09T21:36:40.796+05:30  INFO 18252 --- [pdf-manager] [           main] o.hibernate.jpa.internal.util.LogHelper  : HHH000204: Processing PersistenceUnitInfo [name: default]
2026-04-09T21:36:41.173+05:30  INFO 18252 --- [pdf-manager] [           main] org.hibernate.Version                    : HHH000412: Hibernate ORM core version 6.4.4.Final
2026-04-09T21:36:41.388+05:30  INFO 18252 --- [pdf-manager] [           main] o.h.c.internal.RegionFactoryInitiator    : HHH000026: Second-level cache disabled
2026-04-09T21:36:42.479+05:30  INFO 18252 --- [pdf-manager] [           main] o.s.o.j.p.SpringPersistenceUnitInfo      : No LoadTimeWeaver setup: ignoring JPA class transformer
2026-04-09T21:36:42.559+05:30  INFO 18252 --- [pdf-manager] [           main] com.zaxxer.hikari.HikariDataSource       : HikariPool-1 - Starting...
2026-04-09T21:36:43.208+05:30  INFO 18252 --- [pdf-manager] [           main] com.zaxxer.hikari.pool.HikariPool        : HikariPool-1 - Added connection conn0: url=jdbc:h2:mem:pdfdb user=SA
2026-04-09T21:36:43.214+05:30  INFO 18252 --- [pdf-manager] [           main] com.zaxxer.hikari.HikariDataSource       : HikariPool-1 - Start completed.
2026-04-09T21:36:43.310+05:30  WARN 18252 --- [pdf-manager] [           main] org.hibernate.orm.deprecation            : HHH90000025: H2Dialect does not need to be specified explicitly using 'hibernate.dialect' (remove the property setting and it will be selected by default)
2026-04-09T21:36:45.966+05:30  INFO 18252 --- [pdf-manager] [           main] o.h.e.t.j.p.i.JtaPlatformInitiator       : HHH000489: No JTA platform available (set 'hibernate.transaction.jta.platform' to enable JTA platform integration)
Hibernate: 
    drop table if exists pdf_documents cascade 
Hibernate: 
    create table pdf_documents (
        file_size bigint not null,
        id bigint generated by default as identity,
        last_accessed_at timestamp(6),
        uploaded_at timestamp(6) not null,
        content_type varchar(255) not null,
        description varchar(255),
        file_name varchar(255) not null,
        file_path varchar(255),
        file_data LONGBLOB,
        primary key (id)
    )
2026-04-09T21:36:46.063+05:30  INFO 18252 --- [pdf-manager] [           main] j.LocalContainerEntityManagerFactoryBean : Initialized JPA EntityManagerFactory for persistence unit 'default'
2026-04-09T21:36:47.144+05:30  INFO 18252 --- [pdf-manager] [           main] o.s.d.j.r.query.QueryEnhancerFactory     : Hibernate is in classpath; If applicable, HQL parser will be used.
2026-04-09T21:36:49.929+05:30  WARN 18252 --- [pdf-manager] [           main] JpaBaseConfiguration$JpaWebConfiguration : spring.jpa.open-in-view is enabled by default. Therefore, database queries may be performed during view rendering. Explicitly configure spring.jpa.open-in-view to disable this warning
2026-04-09T21:36:51.105+05:30  INFO 18252 --- [pdf-manager] [           main] o.s.b.a.h2.H2ConsoleAutoConfiguration    : H2 console available at '/h2-console'. Database available at 'jdbc:h2:mem:pdfdb'
2026-04-09T21:36:51.328+05:30  INFO 18252 --- [pdf-manager] [           main] o.s.b.t.m.w.SpringBootMockServletContext : Initializing Spring TestDispatcherServlet ''
2026-04-09T21:36:51.329+05:30  INFO 18252 --- [pdf-manager] [           main] o.s.t.web.servlet.TestDispatcherServlet  : Initializing Servlet ''
2026-04-09T21:36:51.338+05:30  INFO 18252 --- [pdf-manager] [           main] o.s.t.web.servlet.TestDispatcherServlet  : Completed initialization in 4 ms
2026-04-09T21:36:51.412+05:30  INFO 18252 --- [pdf-manager] [           main] c.pdfmanager.PdfManagerIntegrationTest   : Started PdfManagerIntegrationTest in 15.635 seconds (process running for 18.644)
2026-04-09T21:36:53.047+05:30  INFO 18252 --- [pdf-manager] [           main] c.pdfmanager.controller.PdfController    : Upload request — file='delete-test.pdf', size=113
Hibernate: 
    insert 
    into
        pdf_documents
        (content_type, description, file_data, file_name, file_path, file_size, last_accessed_at, uploaded_at, id) 
    values
        (?, ?, ?, ?, ?, ?, ?, ?, default)
2026-04-09T21:36:53.393+05:30  INFO 18252 --- [pdf-manager] [           main] com.pdfmanager.service.PdfService        : PDF saved — id=1, name=delete-test.pdf, strategy=DB
2026-04-09T21:36:53.549+05:30  INFO 18252 --- [pdf-manager] [           main] c.pdfmanager.controller.PdfController    : Delete request — id=1
Hibernate: 
    select
        pd1_0.id,
        pd1_0.content_type,
        pd1_0.description,
        pd1_0.file_data,
        pd1_0.file_name,
        pd1_0.file_path,
        pd1_0.file_size,
        pd1_0.last_accessed_at,
        pd1_0.uploaded_at 
    from
        pdf_documents pd1_0 
    where
        pd1_0.id=?
2026-04-09T21:36:53.672+05:30  INFO 18252 --- [pdf-manager] [           main] com.pdfmanager.service.PdfService        : PDF deleted — id=1
Hibernate: 
    delete 
    from
        pdf_documents 
    where
        id=?
Hibernate: 
    select
        pd1_0.id,
        pd1_0.file_name,
        pd1_0.content_type,
        pd1_0.file_size,
        null,
        pd1_0.file_path,
        pd1_0.description,
        pd1_0.uploaded_at,
        pd1_0.last_accessed_at 
    from
        pdf_documents pd1_0 
    where
        pd1_0.id=?
2026-04-09T21:36:54.062+05:30  WARN 18252 --- [pdf-manager] [           main] c.p.exception.GlobalExceptionHandler     : PDF not found: PDF not found with id: 1
]]></system-out>
    <system-err><![CDATA[WARNING: A Java agent has been loaded dynamically (C:\Users\karti\.m2\repository\net\bytebuddy\byte-buddy-agent\1.14.12\byte-buddy-agent-1.14.12.jar)
WARNING: If a serviceability tool is in use, please run with -XX:+EnableDynamicAgentLoading to hide this warning
WARNING: If a serviceability tool is not in use, please run with -Djdk.instrument.traceUsage for more information
WARNING: Dynamic loading of agents will be disallowed by default in a future release
]]></system-err>
  </testcase>
  <testcase name="testUpload_success" classname="com.pdfmanager.PdfManagerIntegrationTest" time="0.058">
    <system-out><![CDATA[2026-04-09T21:36:54.134+05:30  INFO 18252 --- [pdf-manager] [           main] c.pdfmanager.controller.PdfController    : Upload request — file='test.pdf', size=113
Hibernate: 
    insert 
    into
        pdf_documents
        (content_type, description, file_data, file_name, file_path, file_size, last_accessed_at, uploaded_at, id) 
    values
        (?, ?, ?, ?, ?, ?, ?, ?, default)
2026-04-09T21:36:54.150+05:30  INFO 18252 --- [pdf-manager] [           main] com.pdfmanager.service.PdfService        : PDF saved — id=2, name=test.pdf, strategy=DB

MockHttpServletRequest:
      HTTP Method = POST
      Request URI = /api/v1/pdfs/upload
       Parameters = {description=[Test PDF]}
          Headers = [Content-Type:"multipart/form-data;charset=UTF-8"]
             Body = null
    Session Attrs = {}

Handler:
             Type = com.pdfmanager.controller.PdfController
           Method = com.pdfmanager.controller.PdfController#upload(MultipartFile, String)

Async:
    Async started = false
     Async result = null

Resolved Exception:
             Type = null

ModelAndView:
        View name = null
             View = null
            Model = null

FlashMap:
       Attributes = null

MockHttpServletResponse:
           Status = 201
    Error message = null
          Headers = [Content-Type:"application/json"]
     Content type = application/json
             Body = {"success":true,"message":"PDF uploaded successfully.","data":{"id":2,"fileName":"test.pdf","contentType":"application/pdf","fileSize":113,"description":null,"uploadedAt":"2026-04-09T21:36:54.1467067","downloadUrl":"/api/v1/pdfs/2/download","viewUrl":"/api/v1/pdfs/2/view"}}
    Forwarded URL = null
   Redirected URL = null
          Cookies = []
]]></system-out>
  </testcase>
  <testcase name="testList" classname="com.pdfmanager.PdfManagerIntegrationTest" time="0.068">
    <system-out><![CDATA[Hibernate: 
    select
        pd1_0.id,
        pd1_0.file_name,
        pd1_0.content_type,
        pd1_0.file_size,
        null,
        pd1_0.file_path,
        pd1_0.description,
        pd1_0.uploaded_at,
        pd1_0.last_accessed_at 
    from
        pdf_documents pd1_0 
    order by
        pd1_0.uploaded_at desc
]]></system-out>
  </testcase>
  <testcase name="testUploadThenDownload" classname="com.pdfmanager.PdfManagerIntegrationTest" time="0.176">
    <system-out><![CDATA[2026-04-09T21:36:54.269+05:30  INFO 18252 --- [pdf-manager] [           main] c.pdfmanager.controller.PdfController    : Upload request — file='download-test.pdf', size=113
Hibernate: 
    insert 
    into
        pdf_documents
        (content_type, description, file_data, file_name, file_path, file_size, last_accessed_at, uploaded_at, id) 
    values
        (?, ?, ?, ?, ?, ?, ?, ?, default)
2026-04-09T21:36:54.288+05:30  INFO 18252 --- [pdf-manager] [           main] com.pdfmanager.service.PdfService        : PDF saved — id=3, name=download-test.pdf, strategy=DB
2026-04-09T21:36:54.299+05:30  INFO 18252 --- [pdf-manager] [           main] c.pdfmanager.controller.PdfController    : Download request — id=3
Hibernate: 
    select
        pd1_0.id,
        pd1_0.file_name,
        pd1_0.content_type,
        pd1_0.file_size,
        null,
        pd1_0.file_path,
        pd1_0.description,
        pd1_0.uploaded_at,
        pd1_0.last_accessed_at 
    from
        pdf_documents pd1_0 
    where
        pd1_0.id=?
Hibernate: 
    select
        pd1_0.id,
        pd1_0.content_type,
        pd1_0.description,
        pd1_0.file_data,
        pd1_0.file_name,
        pd1_0.file_path,
        pd1_0.file_size,
        pd1_0.last_accessed_at,
        pd1_0.uploaded_at 
    from
        pdf_documents pd1_0 
    where
        pd1_0.id=?
Hibernate: 
    update
        pdf_documents 
    set
        last_accessed_at=? 
    where
        id=?
]]></system-out>
  </testcase>
  <testcase name="testGet_notFound" classname="com.pdfmanager.PdfManagerIntegrationTest" time="0.034">
    <system-out><![CDATA[Hibernate: 
    select
        pd1_0.id,
        pd1_0.file_name,
        pd1_0.content_type,
        pd1_0.file_size,
        null,
        pd1_0.file_path,
        pd1_0.description,
        pd1_0.uploaded_at,
        pd1_0.last_accessed_at 
    from
        pdf_documents pd1_0 
    where
        pd1_0.id=?
2026-04-09T21:36:54.464+05:30  WARN 18252 --- [pdf-manager] [           main] c.p.exception.GlobalExceptionHandler     : PDF not found: PDF not found with id: 999999
]]></system-out>
  </testcase>
  <testcase name="testUpload_invalidFile" classname="com.pdfmanager.PdfManagerIntegrationTest" time="0.036">
    <system-out><![CDATA[2026-04-09T21:36:54.499+05:30  INFO 18252 --- [pdf-manager] [           main] c.pdfmanager.controller.PdfController    : Upload request — file='not-a-pdf.txt', size=11
2026-04-09T21:36:54.513+05:30  WARN 18252 --- [pdf-manager] [           main] c.p.exception.GlobalExceptionHandler     : Invalid PDF: Only PDF files are accepted. Detected type: text/plain
]]></system-out>
  </testcase>
</testsuite>